(---------------------------------------------------------------------)
(                                                                     )
(    NC DRILL Log                                                     )
(                                                                     )
(    Drawing          : AVRUSB500_0.brd                               )
(    Software Version : 17.2P019                                      )
(    Date/Time        : Mon Jul 29 14:39:44 2019                      )
(                                                                     )
(---------------------------------------------------------------------)



 Processing NC Parameters file 'nc_param.txt' ...

 NC PARAMETERS
 -------------

 FORMAT   		5.5
 MACHINE-OFFSET		x:0.00000	y:0.00000   (mm)
 FEEDRATE		1
 COORDINATES		ABSOLUTE
 OUTPUT-UNITS		METRIC
 TOOL-ORDER		INCREASING
 REPEAT-CODES		NO
 SUPPRESS-LEAD-ZEROES	NO
 SUPPRESS-TRAIL-ZEROES	NO
 SUPPRESS-EQUAL		NO
 TOOL-SELECT		NO
 HEADER			none
 LEADER			12
 CODE			ASCII
 SEPARATE		NO
 SEPARATE-ROUTING	NO
 OPTIMIZE_DRILLING	NO
 ENHANCED_EXCELLON	NO
 SCALE			1.000000

 WARNING(SPMHMF-365): This design contains 4 slot holes that can NOT be drilled.
 WARNING(SPMHMF-366): They can be processed by NC routing instead.


 Drill files being output to directory 'C:/Users/user/Desktop/workspace/avrusb/allegro/gerber' ...



     'AVRUSB500_0-1-2.drl' created for holes connecting TOP and BOTTOM
     -----------------------------------------------------------------

           Num     Size      +/- Tolerance     Plating   Quantity

            1.   0.3300    0.0000/  0.0000      PLATED          8
            2.   0.7869    0.0000/  0.0000      PLATED         12
            3.   1.0671    0.0000/  0.0000      PLATED         15
            4.   3.1750    0.0000/  0.0000  NON_PLATED          4

     ---- Total holes:                                         39

     ---- Total head travel:              1.93 feet (0.59 meters)

