(---------------------------------------------------------------------)
(                                                                     )
(    Allegro Netrev Import Logic                                      )
(                                                                     )
(    Drawing          : AVRUSB500_0.brd                               )
(    Software Version : 16.6S034                                      )
(    Date/Time        : Fri Jul 19 09:42:10 2019                      )
(                                                                     )
(---------------------------------------------------------------------)


------ Directives ------------

Ripup etch:                  No
Ripup delete first segment:  No
Ripup retain bondwire:       No
Ripup symbols:               Always
Missing symbol has error:    No
DRC update:                  Yes
Schematic directory:         'C:\USERS\USER\DESKTOP\WORKSPACE\AVRUSB\allegro'
Design Directory:            '.'
Old design name:             'AVRUSB500_0.brd'
New design name:             'AVRUSB500_0.brd'

CmdLine: netrev.exe -y 1 -n -i C:\USERS\USER\DESKTOP\WORKSPACE\AVRUSB\allegro C:\USERS\USER\DESKTOP\WORKSPACE\AVRUSB\allegro\AVRUSB500_0.brd C:\USERS\USER\DESKTOP\WORKSPACE\AVRUSB\allegro\AVRUSB500_0.brd

------ Preparing to read pst files ------

Starting to read C:/USERS/USER/DESKTOP/WORKSPACE/AVRUSB/allegro/pstchip.dat 
   Finished reading C:/USERS/USER/DESKTOP/WORKSPACE/AVRUSB/allegro/pstchip.dat (00:00:00.09)
Starting to read C:/USERS/USER/DESKTOP/WORKSPACE/AVRUSB/allegro/pstxprt.dat 
   Finished reading C:/USERS/USER/DESKTOP/WORKSPACE/AVRUSB/allegro/pstxprt.dat (00:00:00.00)
Starting to read C:/USERS/USER/DESKTOP/WORKSPACE/AVRUSB/allegro/pstxnet.dat 
   Finished reading C:/USERS/USER/DESKTOP/WORKSPACE/AVRUSB/allegro/pstxnet.dat (00:00:00.01)

------ Oversights/Warnings/Errors ------


#1   WARNING(SPMHNI-192): Device/Symbol check warning detected. [help]

WARNING(SPMHNI-194): Symbol 'JEDECMS026' used by RefDes U1 for device 'FT232BM_2_QUAD80M32WG900_FT232B' not found in PSMPATH or must be "dbdoctor"ed.

------ Library Paths ------
MODULEPATH =  . 
           c:/Users/user/Desktop/workspace/avrusb/pcb/modules 

PSMPATH =  . 
           symbols 
           .. 
           ../symbols 
           c:/Users/user/Desktop/workspace/avrusb/pcb/symbols 
           C:/Users/user/Desktop/vscode_orcad/cdns/cdns/share/pcb/pcb_lib/symbols 
           C:/Users/user/Desktop/vscode_orcad/cdns/cdns/share/pcb/allegrolib/symbols 
           C:/USERS/USER/DESKTOP/WORKSPACE/PCD_LIB/psm/ 

PADPATH =  . 
           symbols 
           .. 
           ../symbols 
           c:/Users/user/Desktop/workspace/avrusb/pcb/padstacks 
           C:/Users/user/Desktop/vscode_orcad/cdns/cdns/share/pcb/pcb_lib/symbols 
           C:/Users/user/Desktop/vscode_orcad/cdns/cdns/share/pcb/allegrolib/symbols 
           C:/Users/user/Desktop/workspace/pcd_lib/pad/ 


------ Summary Statistics ------


netrev run on Jul 19 9:42:10 2019
   DESIGN NAME : 'AVRUSB500'
   PACKAGING ON Apr 28 2014 16:45:46

   COMPILE 'logic'
   CHECK_PIN_NAMES OFF
   CROSS_REFERENCE OFF
   FEEDBACK OFF
   INCREMENTAL OFF
   INTERFACE_TYPE PHYSICAL
   MAX_ERRORS 500
   MERGE_MINIMUM 5
   NET_NAME_CHARS '#%&()*+-./:=>?@[]^_`|'
   NET_NAME_LENGTH 24
   OVERSIGHTS ON
   REPLACE_CHECK OFF
   SINGLE_NODE_NETS ON
   SPLIT_MINIMUM 0
   SUPPRESS   20
   WARNINGS ON

 No error detected
 No oversight detected
  1 warnings detected

cpu time      0:04:03
elapsed time  0:00:01

